<?xml version="1.0" encoding="UTF-8"?>
<testng-results ignored="0" total="3" passed="3" failed="0" skipped="0">
  <reporter-output>
  </reporter-output>
  <suite started-at="2023-11-07T09:56:49 IST" name="Suite" finished-at="2023-11-07T09:57:17 IST" duration-ms="28284">
    <groups>
    </groups>
    <test started-at="2023-11-07T09:56:49 IST" name="Test2" finished-at="2023-11-07T09:57:05 IST" duration-ms="15377">
      <class name="testng.paralleexecution1">
        <test-method signature="tc2()[pri:0, instance:testng.paralleexecution1@28261e8e]" started-at="2023-11-07T09:56:49 IST" name="tc2" finished-at="2023-11-07T09:57:05 IST" duration-ms="15293" status="PASS">
          <reporter-output>
          </reporter-output>
        </test-method> <!-- tc2 -->
      </class> <!-- testng.paralleexecution1 -->
    </test> <!-- Test2 -->
    <test started-at="2023-11-07T09:56:49 IST" name="Test3" finished-at="2023-11-07T09:57:17 IST" duration-ms="27347">
      <class name="testng.paralleexecution2">
        <test-method signature="tc3()[pri:0, instance:testng.paralleexecution2@2d901eb0]" started-at="2023-11-07T09:56:49 IST" name="tc3" finished-at="2023-11-07T09:57:16 IST" duration-ms="27228" status="PASS">
          <reporter-output>
          </reporter-output>
        </test-method> <!-- tc3 -->
      </class> <!-- testng.paralleexecution2 -->
    </test> <!-- Test3 -->
    <test started-at="2023-11-07T09:56:49 IST" name="Test1" finished-at="2023-11-07T09:57:17 IST" duration-ms="28284">
      <class name="testng.paralleexecution">
        <test-method signature="tc1()[pri:0, instance:testng.paralleexecution@f09733f]" started-at="2023-11-07T09:56:49 IST" name="tc1" finished-at="2023-11-07T09:57:17 IST" duration-ms="28162" status="PASS">
          <reporter-output>
          </reporter-output>
        </test-method> <!-- tc1 -->
      </class> <!-- testng.paralleexecution -->
    </test> <!-- Test1 -->
  </suite> <!-- Suite -->
</testng-results>
